Internal ctest changing into directory: D:/projects/misis2024f-check/misis2024f-24-01-kuleshevskiy-a-e/build.check
Test project D:/projects/misis2024f-check/misis2024f-24-01-kuleshevskiy-a-e/build.check
    Start 1: doctest_complex
Could not find executable D:/projects/misis2024f-check/misis2024f-24-01-kuleshevskiy-a-e/bin.check/doctest_complex.exe
Looked in the following places:
D:/projects/misis2024f-check/misis2024f-24-01-kuleshevskiy-a-e/bin.check/doctest_complex.exe
D:/projects/misis2024f-check/misis2024f-24-01-kuleshevskiy-a-e/bin.check/doctest_complex.exe.exe
D:/projects/misis2024f-check/misis2024f-24-01-kuleshevskiy-a-e/bin.check/Release/doctest_complex.exe
D:/projects/misis2024f-check/misis2024f-24-01-kuleshevskiy-a-e/bin.check/Release/doctest_complex.exe.exe
Release/D:/projects/misis2024f-check/misis2024f-24-01-kuleshevskiy-a-e/bin.check/doctest_complex.exe
Release/D:/projects/misis2024f-check/misis2024f-24-01-kuleshevskiy-a-e/bin.check/doctest_complex.exe.exe
1/4 Test #1: doctest_complex ..................***Not Run   0.00 sec
    Start 2: doctest_complex_io
Could not find executable D:/projects/misis2024f-check/misis2024f-24-01-kuleshevskiy-a-e/bin.check/doctest_complex_io.exe
Looked in the following places:
D:/projects/misis2024f-check/misis2024f-24-01-kuleshevskiy-a-e/bin.check/doctest_complex_io.exe
D:/projects/misis2024f-check/misis2024f-24-01-kuleshevskiy-a-e/bin.check/doctest_complex_io.exe.exe
D:/projects/misis2024f-check/misis2024f-24-01-kuleshevskiy-a-e/bin.check/Release/doctest_complex_io.exe
D:/projects/misis2024f-check/misis2024f-24-01-kuleshevskiy-a-e/bin.check/Release/doctest_complex_io.exe.exe
Release/D:/projects/misis2024f-check/misis2024f-24-01-kuleshevskiy-a-e/bin.check/doctest_complex_io.exe
Release/D:/projects/misis2024f-check/misis2024f-24-01-kuleshevskiy-a-e/bin.check/doctest_complex_io.exe.exe
2/4 Test #2: doctest_complex_io ...............***Not Run   0.00 sec
    Start 3: doctest_rational
Could not find executable D:/projects/misis2024f-check/misis2024f-24-01-kuleshevskiy-a-e/bin.check/doctest_rational.exe
Looked in the following places:
D:/projects/misis2024f-check/misis2024f-24-01-kuleshevskiy-a-e/bin.check/doctest_rational.exe
D:/projects/misis2024f-check/misis2024f-24-01-kuleshevskiy-a-e/bin.check/doctest_rational.exe.exe
D:/projects/misis2024f-check/misis2024f-24-01-kuleshevskiy-a-e/bin.check/Release/doctest_rational.exe
D:/projects/misis2024f-check/misis2024f-24-01-kuleshevskiy-a-e/bin.check/Release/doctest_rational.exe.exe
Release/D:/projects/misis2024f-check/misis2024f-24-01-kuleshevskiy-a-e/bin.check/doctest_rational.exe
Release/D:/projects/misis2024f-check/misis2024f-24-01-kuleshevskiy-a-e/bin.check/doctest_rational.exe.exe
3/4 Test #3: doctest_rational .................***Not Run   0.00 sec
    Start 4: doctest_rational_io
4/4 Test #4: doctest_rational_io ..............***Timeout  10.02 sec

0% tests passed, 4 tests failed out of 4

Total Test time (real) =  10.03 sec

The following tests FAILED:
	  1 - doctest_complex (Not Run)
	  2 - doctest_complex_io (Not Run)
	  3 - doctest_rational (Not Run)
	  4 - doctest_rational_io (Timeout)
